\BOOKMARK [1][-]{section.1}{\376\377\000I\000n\000t\000r\000o\000d\000u\000c\000t\000i\000o\000n}{}% 1
\BOOKMARK [1][-]{section.2}{\376\377\000M\000o\000d\000e\000l\000\040\000O\000v\000e\000r\000v\000i\000e\000w}{}% 2
\BOOKMARK [2][-]{subsection.2.1}{\376\377\000S\000t\000a\000t\000e\000\040\000V\000a\000r\000i\000a\000b\000l\000e\000s}{section.2}% 3
\BOOKMARK [2][-]{subsection.2.2}{\376\377\000K\000e\000y\000\040\000P\000a\000r\000a\000m\000e\000t\000e\000r\000s}{section.2}% 4
\BOOKMARK [2][-]{subsection.2.3}{\376\377\000P\000o\000l\000i\000c\000y\000\040\000V\000a\000r\000i\000a\000b\000l\000e\000s}{section.2}% 5
\BOOKMARK [1][-]{section.3}{\376\377\000A\000n\000a\000l\000y\000s\000i\000s\000\040\000C\000o\000m\000p\000o\000n\000e\000n\000t\000s}{}% 6
\BOOKMARK [2][-]{subsection.3.1}{\376\377\000E\000r\000g\000o\000d\000i\000c\000\040\000S\000i\000m\000u\000l\000a\000t\000i\000o\000n\000\040\000A\000n\000a\000l\000y\000s\000i\000s}{section.3}% 7
\BOOKMARK [3][-]{subsubsection.3.1.1}{\376\377\000C\000o\000n\000f\000i\000g\000u\000r\000a\000t\000i\000o\000n}{subsection.3.1}% 8
\BOOKMARK [3][-]{subsubsection.3.1.2}{\376\377\000A\000n\000a\000l\000y\000s\000i\000s\000\040\000V\000a\000r\000i\000a\000b\000l\000e\000s}{subsection.3.1}% 9
\BOOKMARK [3][-]{subsubsection.3.1.3}{\376\377\000D\000e\000s\000c\000r\000i\000p\000t\000i\000v\000e\000\040\000S\000t\000a\000t\000i\000s\000t\000i\000c\000s}{subsection.3.1}% 10
\BOOKMARK [2][-]{subsection.3.2}{\376\377\000W\000e\000l\000f\000a\000r\000e\000\040\000A\000n\000a\000l\000y\000s\000i\000s}{section.3}% 11
\BOOKMARK [3][-]{subsubsection.3.2.1}{\376\377\000U\000t\000i\000l\000i\000t\000y\000\040\000F\000u\000n\000c\000t\000i\000o\000n}{subsection.3.2}% 12
\BOOKMARK [3][-]{subsubsection.3.2.2}{\376\377\000W\000e\000l\000f\000a\000r\000e\000\040\000C\000o\000s\000t\000\040\000C\000a\000l\000c\000u\000l\000a\000t\000i\000o\000n}{subsection.3.2}% 13
\BOOKMARK [3][-]{subsubsection.3.2.3}{\376\377\000C\000o\000n\000f\000i\000g\000u\000r\000a\000t\000i\000o\000n}{subsection.3.2}% 14
\BOOKMARK [2][-]{subsection.3.3}{\376\377\000S\000t\000o\000c\000h\000a\000s\000t\000i\000c\000\040\000S\000t\000e\000a\000d\000y\000\040\000S\000t\000a\000t\000e}{section.3}% 15
\BOOKMARK [3][-]{subsubsection.3.3.1}{\376\377\000M\000e\000t\000h\000o\000d\000o\000l\000o\000g\000y}{subsection.3.3}% 16
\BOOKMARK [3][-]{subsubsection.3.3.2}{\376\377\000C\000o\000n\000v\000e\000r\000g\000e\000n\000c\000e\000\040\000C\000h\000e\000c\000k}{subsection.3.3}% 17
\BOOKMARK [2][-]{subsection.3.4}{\376\377\000G\000e\000n\000e\000r\000a\000l\000i\000z\000e\000d\000\040\000I\000m\000p\000u\000l\000s\000e\000\040\000R\000e\000s\000p\000o\000n\000s\000e\000s\000\040\000\050\000G\000I\000R\000s\000\051}{section.3}% 18
\BOOKMARK [3][-]{subsubsection.3.4.1}{\376\377\000M\000e\000t\000h\000o\000d\000o\000l\000o\000g\000y}{subsection.3.4}% 19
\BOOKMARK [3][-]{subsubsection.3.4.2}{\376\377\000S\000h\000o\000c\000k\000\040\000C\000o\000n\000f\000i\000g\000u\000r\000a\000t\000i\000o\000n}{subsection.3.4}% 20
\BOOKMARK [3][-]{subsubsection.3.4.3}{\376\377\000S\000h\000o\000c\000k\000\040\000I\000m\000p\000l\000e\000m\000e\000n\000t\000a\000t\000i\000o\000n}{subsection.3.4}% 21
\BOOKMARK [3][-]{subsubsection.3.4.4}{\376\377\000C\000o\000m\000p\000a\000r\000i\000s\000o\000n\000\040\000w\000i\000t\000h\000\040\000L\000o\000g\000-\000L\000i\000n\000e\000a\000r\000\040\000I\000R\000s}{subsection.3.4}% 22
\BOOKMARK [1][-]{section.4}{\376\377\000C\000o\000m\000p\000a\000r\000a\000t\000i\000v\000e\000\040\000A\000n\000a\000l\000y\000s\000i\000s}{}% 23
\BOOKMARK [2][-]{subsection.4.1}{\376\377\000V\000o\000l\000a\000t\000i\000l\000i\000t\000y\000\040\000C\000o\000m\000p\000a\000r\000a\000t\000i\000v\000e}{section.4}% 24
\BOOKMARK [2][-]{subsection.4.2}{\376\377\000A\000r\000c\000h\000i\000t\000e\000c\000t\000u\000r\000e\000\040\000C\000o\000m\000p\000a\000r\000a\000t\000i\000v\000e}{section.4}% 25
\BOOKMARK [1][-]{section.5}{\376\377\000O\000u\000t\000p\000u\000t\000\040\000F\000i\000l\000e\000s}{}% 26
\BOOKMARK [2][-]{subsection.5.1}{\376\377\000C\000o\000n\000f\000i\000g\000u\000r\000a\000t\000i\000o\000n}{section.5}% 27
\BOOKMARK [2][-]{subsection.5.2}{\376\377\000T\000a\000b\000l\000e\000s\000\040\000\050\000L\000a\000T\000e\000X\000\051}{section.5}% 28
\BOOKMARK [2][-]{subsection.5.3}{\376\377\000F\000i\000g\000u\000r\000e\000s}{section.5}% 29
\BOOKMARK [1][-]{section.6}{\376\377\000U\000p\000s\000t\000r\000e\000a\000m\000n\000e\000s\000s\000\040\000M\000e\000a\000s\000u\000r\000e\000s}{}% 30
\BOOKMARK [2][-]{subsection.6.1}{\376\377\000I\000n\000t\000e\000r\000m\000e\000d\000i\000a\000t\000e\000\040\000I\000n\000p\000u\000t\000\040\000U\000p\000s\000t\000r\000e\000a\000m\000n\000e\000s\000s\000\040\000\050\000U\000M\000\051}{section.6}% 31
\BOOKMARK [2][-]{subsection.6.2}{\376\377\000I\000n\000v\000e\000s\000t\000m\000e\000n\000t\000\040\000F\000l\000o\000w\000\040\000U\000p\000s\000t\000r\000e\000a\000m\000n\000e\000s\000s\000\040\000\050\000U\000I\000\051}{section.6}% 32
\BOOKMARK [2][-]{subsection.6.3}{\376\377\000S\000i\000m\000p\000l\000e\000\040\000U\000p\000s\000t\000r\000e\000a\000m\000n\000e\000s\000s}{section.6}% 33
\BOOKMARK [1][-]{section.7}{\376\377\000I\000m\000p\000l\000e\000m\000e\000n\000t\000a\000t\000i\000o\000n\000\040\000N\000o\000t\000e\000s}{}% 34
\BOOKMARK [2][-]{subsection.7.1}{\376\377\000N\000o\000r\000m\000a\000l\000i\000z\000a\000t\000i\000o\000n}{section.7}% 35
\BOOKMARK [2][-]{subsection.7.2}{\376\377\000P\000r\000e\000c\000i\000s\000i\000o\000n}{section.7}% 36
\BOOKMARK [2][-]{subsection.7.3}{\376\377\000J\000I\000T\000\040\000C\000o\000m\000p\000i\000l\000a\000t\000i\000o\000n}{section.7}% 37
